2020/10/06 07:57:01 [emerg] 1#1: open() "/var/www/app/log/basic-access.log" failed (2: No such file or directory)
2020/10/06 07:57:02 [emerg] 1#1: open() "/var/www/app/log/basic-access.log" failed (2: No such file or directory)
2020/10/06 07:57:03 [emerg] 1#1: open() "/var/www/app/log/basic-access.log" failed (2: No such file or directory)
2020/10/06 07:57:04 [emerg] 1#1: open() "/var/www/app/log/basic-access.log" failed (2: No such file or directory)
2020/10/06 07:57:06 [emerg] 1#1: open() "/var/www/app/log/basic-access.log" failed (2: No such file or directory)
2020/10/06 07:57:08 [emerg] 1#1: open() "/var/www/app/log/basic-access.log" failed (2: No such file or directory)
2020/10/06 07:57:12 [emerg] 1#1: open() "/var/www/app/log/basic-access.log" failed (2: No such file or directory)
2020/10/06 07:57:19 [emerg] 1#1: open() "/var/www/app/log/basic-access.log" failed (2: No such file or directory)
2020/10/06 07:57:32 [emerg] 1#1: open() "/var/www/app/log/basic-access.log" failed (2: No such file or directory)
2020/10/06 07:57:58 [emerg] 1#1: open() "/var/www/app/log/basic-access.log" failed (2: No such file or directory)
2020/10/06 07:58:50 [emerg] 1#1: open() "/var/logs/basic-error.log" failed (2: No such file or directory)
2020/10/06 09:45:55 [emerg] 1#1: host not found in upstream "app" in /etc/nginx/conf.d/basic.conf:31
2020/10/06 09:46:36 [emerg] 1#1: host not found in upstream "app" in /etc/nginx/conf.d/basic.conf:31
2020/10/06 09:49:04 [emerg] 1#1: host not found in upstream "app" in /etc/nginx/conf.d/basic.conf:31
2020/10/06 09:49:14 [emerg] 1#1: host not found in upstream "app" in /etc/nginx/conf.d/basic.conf:31
2020/10/06 20:25:21 [error] 19#19: *176 FastCGI sent in stderr: "PHP message: An Error occurred while handling another error:
yii\web\HeadersAlreadySentException: Headers already sent in /var/www/app/controllers/BookController.php on line 69. in /var/www/app/vendor/yiisoft/yii2/web/Response.php:366
Stack trace:
#0 /var/www/app/vendor/yiisoft/yii2/web/Response.php(339): yii\web\Response->sendHeaders()
#1 /var/www/app/vendor/yiisoft/yii2/web/ErrorHandler.php(136): yii\web\Response->send()
#2 /var/www/app/vendor/yiisoft/yii2/base/ErrorHandler.php(135): yii\web\ErrorHandler->renderException(Object(yii\web\HeadersAlreadySentException))
#3 [internal function]: yii\base\ErrorHandler->handleException(Object(yii\web\HeadersAlreadySentException))
#4 {main}
Previous exception:
yii\web\HeadersAlreadySentException: Headers already sent in /var/www/app/controllers/BookController.php on line 69. in /var/www/app/vendor/yiisoft/yii2/web/Response.php:366
Stack trace:
#0 /var/www/app/vendor/yiisoft/yii2/web/Response.php(339): yii\web\Response->sendHeaders()
#1 /var/www/app/vendor/yiisoft/yii2/base/Application.php(392): yii\web\Response->send()
#2 /var/www/app/web/index.php(12): yii\base\Application->run()
#3 {main}
$_SERVER = [
    'PHP_EXTRA_CONFIGURE_ARGS' => '--enable-fpm --with-fpm-user=www-data --with-fpm-group=www-data --disable-cgi',
    'HOSTNAME' => 'f97beb866027',
    'PHP_INI_DIR' => '/usr/local/etc/php',
    'HOME' => '/home/www',
    'PHP_LDFLAGS' => '-Wl,-O1 -pie',
    'PHP_CFLAGS' => '-fstack-protector-strong -fpic -fpie -O2 -D_LARGEFILE_SOURCE -D_FILE_OFFSET_BITS=64',
    'PHP_MD5' => '',
    'PHP_VERSION' => '7.3.23',
    'GPG_KEYS' => 'CBAF69F173A0FEA4B537F470D66C9593118BCCB6 F38252826ACD957EF380D39F2F7956BC5DA04B5D',
    'PHP_CPPFLAGS' => '-fstack-protector-strong -fpic -fpie -O2 -D_LARGEFILE_SOURCE -D_FILE_OFFSET_BITS=64',
    'PHP_ASC_URL' => 'https://www.php.net/distributions/php-7.3.23.tar.xz.asc',
    'PHP_URL' => 'https://www.php.net/distributions/php-7.3.23.tar.xz',
    'PATH' => '/usr/local/sbin:/usr/loc
2020/10/06 20:25:21 [error] 19#19: *176 FastCGI sent in stderr: "cm5GS0RcL3VjVTNNMHFOWT0iLCJtYWMiOiJkNGIwODBhYjBmZjJjMDliYzcxM2FmMDYxZTRiYzhiNzliYjNjMDQxYjRiM2ExODdkYjU1N2ZmZDRlNmNlMDM0In0%3D; PHPSESSID=1a9334e3bb27c204c001a37794e8ff33; _csrf=acb72abce4bf0aecbd6687f2f44ab8c545bb99f884a5de6db326a98d33bad01fa%3A2%3A%7Bi%3A0%3Bs%3A5%3A%22_csrf%22%3Bi%3A1%3Bs%3A32%3A%22YUgHik1VJM_7hAYA4djGHL2W-2nz_1Ug%22%3B%7D',
    'HTTP_ACCEPT_LANGUAGE' => 'ru-RU,ru;q=0.9,en-US;q=0.8,en;q=0.7',
    'HTTP_ACCEPT_ENCODING' => 'gzip, deflate, br',
    'HTTP_REFERER' => 'http://localhost:8000/books',
    'HTTP_SEC_FETCH_DEST' => 'document',
    'HTTP_SEC_FETCH_USER' => '?1',
    'HTTP_SEC_FETCH_MODE' => 'navigate',
    'HTTP_SEC_FETCH_SITE' => 'same-origin',
    'HTTP_ACCEPT' => 'text/html,application/xhtml+xml,application/xml;q=0.9,image/avif,image/webp,image/apng,*/*;q=0.8,application/signed-exchange;v=b3;q=0.9',
    'HTTP_USER_AGENT' => 'Mozilla/5.0 (Windows NT 10.0; Win64; x64) AppleWebKit/537.36 (KHTML, like Gecko) Chrome/85.0.4183.121 Safari/537.36',
    'HTTP_DNT' => '1',
    'HTTP_UPGRADE_INSECURE_REQUESTS' => '1',
    'HTTP_SEC_CH_UA_MOBILE' => '?0',
    'HTTP_SEC_CH_UA' => '"\\\\Not;A\\"Brand";v="99", "Google Chrome";v="85", "Chromium";v="85"',
    'HTTP_CACHE_CONTROL' => 'max-age=0',
    'HTTP_CONNECTION' => 'keep-alive',
    'HTTP_HOST' => 'localhost:8000',
    'SCRIPT_FILENAME' => '/var/www/app/web/index.php',
    'REDIRECT_STATUS' => '200',
    'SERVER_NAME' => '',
    'SERVER_PORT' => '80',
    'SERVER_ADDR' => '172.27.0.2',
    'REMOTE_PORT' => '51272',
    'REMOTE_ADDR' => '172.27.0.1',
    'SERVER_SOFTWARE' => 'nginx/1.19.3',
    'GATEWAY_INTERFACE' => 'CGI/1.1',
    'REQUEST_SCHEME' => 'http',
    'SERVER_PROTOCOL' => 'HTTP/1.1',
    'DOCUMENT_ROOT' => '/var/www/app/web',
    'DOCUMENT_URI' => '/index.php',
    'REQUEST_URI' => '/book/1',
    'SCRIPT_NAME' => '/index.php',
    'CONTENT_LENGTH' => '',
    'CONTENT_TYPE' => '',
    'REQUEST_METHOD' => 'GET',
    'QUERY_STRING' => '',
    'FCGI_ROLE' => 'RESPONDER',
  
